<?xml version="1.0" encoding="UTF-8"?>
<testng-results skipped="0" failed="0" ignored="0" total="1" passed="1">
  <reporter-output>
  </reporter-output>
  <suite name="Suite" duration-ms="142" started-at="2020-04-23T10:09:50Z" finished-at="2020-04-23T10:09:50Z">
    <groups>
    </groups>
    <test name="Test" duration-ms="142" started-at="2020-04-23T10:09:50Z" finished-at="2020-04-23T10:09:50Z">
      <class name="com.demo.pak1.sample">
        <test-method status="PASS" signature="f()[pri:0, instance:com.demo.pak1.sample@7ac7a4e4]" name="f" duration-ms="49" started-at="2020-04-23T10:09:50Z" finished-at="2020-04-23T10:09:50Z">
          <reporter-output>
          </reporter-output>
        </test-method> <!-- f -->
      </class> <!-- com.demo.pak1.sample -->
    </test> <!-- Test -->
  </suite> <!-- Suite -->
</testng-results>
